<?xml version="1.0" encoding="UTF-8"?>
<!-- Generated by org.testng.reporters.JUnitReportReporter -->
<testsuite hostname="LAPTOP-5P61H7LD" failures="0" tests="1" name="test.AutomationChromeBase" time="27.126" errors="0" timestamp="2022-04-05T11:33:15 EDT" skipped="0">
  <testcase classname="test.AutomationChromeBase" name="setupCapabilities" time="27.126"/>
  <system-out/>
</testsuite> <!-- test.AutomationChromeBase -->
